Performing C++ SOURCE FILE Test SEAL_MEMSET_S_FOUND failed with the following output:
Change Dir: /home/wentao/workspace/wentao/SmartAffair/SEAL/build/CMakeFiles/CMakeTmp

Run Build Command(s):/usr/bin/make cmTC_e0eb5/fast && /usr/bin/make -f CMakeFiles/cmTC_e0eb5.dir/build.make CMakeFiles/cmTC_e0eb5.dir/build
make[1]: Entering directory '/home/wentao/workspace/wentao/SmartAffair/SEAL/build/CMakeFiles/CMakeTmp'
Building CXX object CMakeFiles/cmTC_e0eb5.dir/src.cxx.o
/usr/bin/c++    -DSEAL_MEMSET_S_FOUND -fPIE   -o CMakeFiles/cmTC_e0eb5.dir/src.cxx.o -c /home/wentao/workspace/wentao/SmartAffair/SEAL/build/CMakeFiles/CMakeTmp/src.cxx
/home/wentao/workspace/wentao/SmartAffair/SEAL/build/CMakeFiles/CMakeTmp/src.cxx: In function ‘int main()’:
/home/wentao/workspace/wentao/SmartAffair/SEAL/build/CMakeFiles/CMakeTmp/src.cxx:7:17: error: ‘memset_s’ was not declared in this scope; did you mean ‘memset’?
    7 |         int r = memset_s(str, sizeof(str), 'a', 5);
      |                 ^~~~~~~~
      |                 memset
make[1]: *** [CMakeFiles/cmTC_e0eb5.dir/build.make:66: CMakeFiles/cmTC_e0eb5.dir/src.cxx.o] Error 1
make[1]: Leaving directory '/home/wentao/workspace/wentao/SmartAffair/SEAL/build/CMakeFiles/CMakeTmp'
make: *** [Makefile:121: cmTC_e0eb5/fast] Error 2


...and run output:

Return value: 1
Source file was:

    #define __STDC_WANT_LIB_EXT1__ 1
    #include <string.h>
    int main(void)
    {
        char str[] = "ghghghghghghghghghghgh";
        int r = memset_s(str, sizeof(str), 'a', 5);
        return r;
    }
Determining if the explicit_memset exist failed with the following output:
Change Dir: /home/wentao/workspace/wentao/SmartAffair/SEAL/build/CMakeFiles/CMakeTmp

Run Build Command(s):/usr/bin/make cmTC_b0b7f/fast && /usr/bin/make -f CMakeFiles/cmTC_b0b7f.dir/build.make CMakeFiles/cmTC_b0b7f.dir/build
make[1]: Entering directory '/home/wentao/workspace/wentao/SmartAffair/SEAL/build/CMakeFiles/CMakeTmp'
Building C object CMakeFiles/cmTC_b0b7f.dir/CheckSymbolExists.c.o
/usr/bin/cc   -fPIE   -o CMakeFiles/cmTC_b0b7f.dir/CheckSymbolExists.c.o   -c /home/wentao/workspace/wentao/SmartAffair/SEAL/build/CMakeFiles/CMakeTmp/CheckSymbolExists.c
/home/wentao/workspace/wentao/SmartAffair/SEAL/build/CMakeFiles/CMakeTmp/CheckSymbolExists.c: In function ‘main’:
/home/wentao/workspace/wentao/SmartAffair/SEAL/build/CMakeFiles/CMakeTmp/CheckSymbolExists.c:8:19: error: ‘explicit_memset’ undeclared (first use in this function)
    8 |   return ((int*)(&explicit_memset))[argc];
      |                   ^~~~~~~~~~~~~~~
/home/wentao/workspace/wentao/SmartAffair/SEAL/build/CMakeFiles/CMakeTmp/CheckSymbolExists.c:8:19: note: each undeclared identifier is reported only once for each function it appears in
make[1]: *** [CMakeFiles/cmTC_b0b7f.dir/build.make:66: CMakeFiles/cmTC_b0b7f.dir/CheckSymbolExists.c.o] Error 1
make[1]: Leaving directory '/home/wentao/workspace/wentao/SmartAffair/SEAL/build/CMakeFiles/CMakeTmp'
make: *** [Makefile:121: cmTC_b0b7f/fast] Error 2


File /home/wentao/workspace/wentao/SmartAffair/SEAL/build/CMakeFiles/CMakeTmp/CheckSymbolExists.c:
/* */
#include <string.h>

int main(int argc, char** argv)
{
  (void)argv;
#ifndef explicit_memset
  return ((int*)(&explicit_memset))[argc];
#else
  (void)argc;
  return 0;
#endif
}
Performing C SOURCE FILE Test CMAKE_HAVE_LIBC_PTHREAD failed with the following output:
Change Dir: /home/wentao/workspace/wentao/SmartAffair/SEAL/build/CMakeFiles/CMakeTmp

Run Build Command(s):/usr/bin/make cmTC_b9b42/fast && /usr/bin/make -f CMakeFiles/cmTC_b9b42.dir/build.make CMakeFiles/cmTC_b9b42.dir/build
make[1]: Entering directory '/home/wentao/workspace/wentao/SmartAffair/SEAL/build/CMakeFiles/CMakeTmp'
Building C object CMakeFiles/cmTC_b9b42.dir/src.c.o
/usr/bin/cc   -DCMAKE_HAVE_LIBC_PTHREAD -fPIE   -o CMakeFiles/cmTC_b9b42.dir/src.c.o   -c /home/wentao/workspace/wentao/SmartAffair/SEAL/build/CMakeFiles/CMakeTmp/src.c
Linking C executable cmTC_b9b42
/usr/bin/cmake -E cmake_link_script CMakeFiles/cmTC_b9b42.dir/link.txt --verbose=1
/usr/bin/cc  -DCMAKE_HAVE_LIBC_PTHREAD    -rdynamic CMakeFiles/cmTC_b9b42.dir/src.c.o  -o cmTC_b9b42 
/usr/bin/ld: CMakeFiles/cmTC_b9b42.dir/src.c.o: in function `main':
src.c:(.text+0x46): undefined reference to `pthread_create'
/usr/bin/ld: src.c:(.text+0x52): undefined reference to `pthread_detach'
/usr/bin/ld: src.c:(.text+0x63): undefined reference to `pthread_join'
collect2: error: ld returned 1 exit status
make[1]: *** [CMakeFiles/cmTC_b9b42.dir/build.make:87: cmTC_b9b42] Error 1
make[1]: Leaving directory '/home/wentao/workspace/wentao/SmartAffair/SEAL/build/CMakeFiles/CMakeTmp'
make: *** [Makefile:121: cmTC_b9b42/fast] Error 2


Source file was:
#include <pthread.h>

void* test_func(void* data)
{
  return data;
}

int main(void)
{
  pthread_t thread;
  pthread_create(&thread, NULL, test_func, NULL);
  pthread_detach(thread);
  pthread_join(thread, NULL);
  pthread_atfork(NULL, NULL, NULL);
  pthread_exit(NULL);

  return 0;
}

